{"/Users/patcharadnai/Desktop/work/src/server.js": {"path":"/Users/patcharadnai/Desktop/work/src/server.js","statementMap":{"0":{"start":{"line":1,"column":16},"end":{"line":1,"column":34}},"1":{"start":{"line":2,"column":18},"end":{"line":2,"column":47}},"2":{"start":{"line":3,"column":21},"end":{"line":3,"column":45}},"3":{"start":{"line":4,"column":15},"end":{"line":4,"column":32}},"4":{"start":{"line":5,"column":13},"end":{"line":5,"column":28}},"5":{"start":{"line":7,"column":12},"end":{"line":7,"column":21}},"6":{"start":{"line":12,"column":0},"end":{"line":12,"column":18}},"7":{"start":{"line":15,"column":0},"end":{"line":18,"column":4}},"8":{"start":{"line":21,"column":0},"end":{"line":21,"column":24}},"9":{"start":{"line":24,"column":23},"end":{"line":49,"column":1}},"10":{"start":{"line":51,"column":20},"end":{"line":51,"column":48}},"11":{"start":{"line":53,"column":0},"end":{"line":53,"column":68}},"12":{"start":{"line":56,"column":19},"end":{"line":56,"column":50}},"13":{"start":{"line":57,"column":19},"end":{"line":57,"column":50}},"14":{"start":{"line":59,"column":0},"end":{"line":59,"column":33}},"15":{"start":{"line":60,"column":0},"end":{"line":60,"column":34}},"16":{"start":{"line":63,"column":0},"end":{"line":69,"column":3}},"17":{"start":{"line":64,"column":2},"end":{"line":68,"column":5}},"18":{"start":{"line":72,"column":0},"end":{"line":78,"column":3}},"19":{"start":{"line":73,"column":2},"end":{"line":77,"column":5}},"20":{"start":{"line":81,"column":21},"end":{"line":81,"column":51}},"21":{"start":{"line":82,"column":0},"end":{"line":82,"column":22}},"22":{"start":{"line":85,"column":13},"end":{"line":85,"column":37}},"23":{"start":{"line":87,"column":0},"end":{"line":91,"column":1}},"24":{"start":{"line":88,"column":2},"end":{"line":90,"column":5}},"25":{"start":{"line":89,"column":4},"end":{"line":89,"column":53}},"26":{"start":{"line":93,"column":0},"end":{"line":93,"column":21}}},"fnMap":{"0":{"name":"(anonymous_0)","decl":{"start":{"line":63,"column":13},"end":{"line":63,"column":14}},"loc":{"start":{"line":63,"column":27},"end":{"line":69,"column":1}},"line":63},"1":{"name":"(anonymous_1)","decl":{"start":{"line":72,"column":8},"end":{"line":72,"column":9}},"loc":{"start":{"line":72,"column":22},"end":{"line":78,"column":1}},"line":72},"2":{"name":"(anonymous_2)","decl":{"start":{"line":88,"column":19},"end":{"line":88,"column":20}},"loc":{"start":{"line":88,"column":25},"end":{"line":90,"column":3}},"line":88}},"branchMap":{"0":{"loc":{"start":{"line":16,"column":10},"end":{"line":16,"column":40}},"type":"binary-expr","locations":[{"start":{"line":16,"column":10},"end":{"line":16,"column":33}},{"start":{"line":16,"column":37},"end":{"line":16,"column":40}}],"line":16},"1":{"loc":{"start":{"line":35,"column":13},"end":{"line":35,"column":60}},"type":"binary-expr","locations":[{"start":{"line":35,"column":13},"end":{"line":35,"column":33}},{"start":{"line":35,"column":37},"end":{"line":35,"column":60}}],"line":35},"2":{"loc":{"start":{"line":85,"column":13},"end":{"line":85,"column":37}},"type":"binary-expr","locations":[{"start":{"line":85,"column":13},"end":{"line":85,"column":29}},{"start":{"line":85,"column":33},"end":{"line":85,"column":37}}],"line":85},"3":{"loc":{"start":{"line":87,"column":0},"end":{"line":91,"column":1}},"type":"if","locations":[{"start":{"line":87,"column":0},"end":{"line":91,"column":1}},{"start":{},"end":{}}],"line":87}},"s":{"0":2,"1":2,"2":2,"3":2,"4":2,"5":2,"6":2,"7":2,"8":2,"9":2,"10":2,"11":2,"12":2,"13":2,"14":2,"15":2,"16":2,"17":0,"18":2,"19":0,"20":2,"21":2,"22":2,"23":2,"24":0,"25":0,"26":2},"f":{"0":0,"1":0,"2":0},"b":{"0":[2,2],"1":[2,2],"2":[2,0],"3":[0,2]},"_coverageSchema":"1a1c01bbd47fc00a2c39e90264f33305004495a9","hash":"e7bbead8749f5742f6192acafc3dcaa5a897e6fc"}
,"/Users/patcharadnai/Desktop/work/src/config/prisma.js": {"path":"/Users/patcharadnai/Desktop/work/src/config/prisma.js","statementMap":{"0":{"start":{"line":1,"column":25},"end":{"line":1,"column":50}},"1":{"start":{"line":3,"column":15},"end":{"line":3,"column":33}},"2":{"start":{"line":5,"column":0},"end":{"line":5,"column":24}}},"fnMap":{},"branchMap":{},"s":{"0":2,"1":2,"2":2},"f":{},"b":{},"_coverageSchema":"1a1c01bbd47fc00a2c39e90264f33305004495a9","hash":"ebea68447dc8d9f186fc88d32021cb6ca54b4086"}
,"/Users/patcharadnai/Desktop/work/src/controllers/auth.controller.js": {"path":"/Users/patcharadnai/Desktop/work/src/controllers/auth.controller.js","statementMap":{"0":{"start":{"line":1,"column":15},"end":{"line":1,"column":32}},"1":{"start":{"line":2,"column":12},"end":{"line":2,"column":35}},"2":{"start":{"line":3,"column":15},"end":{"line":3,"column":42}},"3":{"start":{"line":4,"column":29},"end":{"line":4,"column":57}},"4":{"start":{"line":5,"column":29},"end":{"line":5,"column":57}},"5":{"start":{"line":8,"column":0},"end":{"line":62,"column":2}},"6":{"start":{"line":9,"column":2},"end":{"line":61,"column":3}},"7":{"start":{"line":10,"column":29},"end":{"line":10,"column":55}},"8":{"start":{"line":12,"column":4},"end":{"line":19,"column":5}},"9":{"start":{"line":13,"column":6},"end":{"line":18,"column":9}},"10":{"start":{"line":21,"column":38},"end":{"line":21,"column":46}},"11":{"start":{"line":22,"column":28},"end":{"line":22,"column":54}},"12":{"start":{"line":24,"column":21},"end":{"line":26,"column":6}},"13":{"start":{"line":28,"column":4},"end":{"line":34,"column":5}},"14":{"start":{"line":29,"column":6},"end":{"line":33,"column":9}},"15":{"start":{"line":36,"column":19},"end":{"line":36,"column":50}},"16":{"start":{"line":38,"column":17},"end":{"line":51,"column":6}},"17":{"start":{"line":53,"column":4},"end":{"line":57,"column":7}},"18":{"start":{"line":60,"column":4},"end":{"line":60,"column":14}},"19":{"start":{"line":65,"column":0},"end":{"line":147,"column":2}},"20":{"start":{"line":66,"column":2},"end":{"line":146,"column":3}},"21":{"start":{"line":67,"column":32},"end":{"line":67,"column":40}},"22":{"start":{"line":69,"column":29},"end":{"line":69,"column":31}},"23":{"start":{"line":71,"column":4},"end":{"line":73,"column":5}},"24":{"start":{"line":72,"column":6},"end":{"line":72,"column":75}},"25":{"start":{"line":75,"column":4},"end":{"line":77,"column":5}},"26":{"start":{"line":76,"column":6},"end":{"line":76,"column":81}},"27":{"start":{"line":79,"column":4},"end":{"line":86,"column":5}},"28":{"start":{"line":80,"column":6},"end":{"line":85,"column":9}},"29":{"start":{"line":88,"column":28},"end":{"line":88,"column":54}},"30":{"start":{"line":90,"column":17},"end":{"line":92,"column":6}},"31":{"start":{"line":94,"column":4},"end":{"line":100,"column":5}},"32":{"start":{"line":95,"column":6},"end":{"line":99,"column":9}},"33":{"start":{"line":102,"column":4},"end":{"line":108,"column":5}},"34":{"start":{"line":103,"column":6},"end":{"line":107,"column":9}},"35":{"start":{"line":110,"column":18},"end":{"line":110,"column":63}},"36":{"start":{"line":112,"column":4},"end":{"line":118,"column":5}},"37":{"start":{"line":113,"column":6},"end":{"line":117,"column":9}},"38":{"start":{"line":120,"column":24},"end":{"line":124,"column":5}},"39":{"start":{"line":126,"column":25},"end":{"line":130,"column":5}},"40":{"start":{"line":132,"column":4},"end":{"line":135,"column":7}},"41":{"start":{"line":137,"column":4},"end":{"line":142,"column":7}},"42":{"start":{"line":145,"column":4},"end":{"line":145,"column":14}},"43":{"start":{"line":150,"column":0},"end":{"line":156,"column":2}},"44":{"start":{"line":151,"column":2},"end":{"line":155,"column":5}},"45":{"start":{"line":159,"column":0},"end":{"line":240,"column":2}},"46":{"start":{"line":160,"column":2},"end":{"line":239,"column":3}},"47":{"start":{"line":161,"column":27},"end":{"line":161,"column":35}},"48":{"start":{"line":163,"column":4},"end":{"line":163,"column":57}},"49":{"start":{"line":163,"column":22},"end":{"line":163,"column":57}},"50":{"start":{"line":165,"column":4},"end":{"line":171,"column":5}},"51":{"start":{"line":166,"column":6},"end":{"line":170,"column":9}},"52":{"start":{"line":175,"column":4},"end":{"line":183,"column":5}},"53":{"start":{"line":176,"column":6},"end":{"line":176,"column":65}},"54":{"start":{"line":178,"column":6},"end":{"line":182,"column":9}},"55":{"start":{"line":185,"column":4},"end":{"line":191,"column":5}},"56":{"start":{"line":186,"column":6},"end":{"line":190,"column":9}},"57":{"start":{"line":193,"column":17},"end":{"line":195,"column":6}},"58":{"start":{"line":197,"column":4},"end":{"line":203,"column":5}},"59":{"start":{"line":198,"column":6},"end":{"line":202,"column":9}},"60":{"start":{"line":205,"column":4},"end":{"line":211,"column":5}},"61":{"start":{"line":206,"column":6},"end":{"line":210,"column":9}},"62":{"start":{"line":213,"column":27},"end":{"line":217,"column":5}},"63":{"start":{"line":219,"column":28},"end":{"line":223,"column":5}},"64":{"start":{"line":225,"column":4},"end":{"line":228,"column":7}},"65":{"start":{"line":230,"column":4},"end":{"line":235,"column":7}},"66":{"start":{"line":238,"column":4},"end":{"line":238,"column":14}},"67":{"start":{"line":243,"column":0},"end":{"line":305,"column":2}},"68":{"start":{"line":244,"column":2},"end":{"line":304,"column":3}},"69":{"start":{"line":245,"column":23},"end":{"line":245,"column":48}},"70":{"start":{"line":247,"column":4},"end":{"line":253,"column":5}},"71":{"start":{"line":248,"column":6},"end":{"line":252,"column":9}},"72":{"start":{"line":255,"column":18},"end":{"line":255,"column":42}},"73":{"start":{"line":258,"column":4},"end":{"line":266,"column":5}},"74":{"start":{"line":259,"column":6},"end":{"line":259,"column":58}},"75":{"start":{"line":261,"column":6},"end":{"line":265,"column":9}},"76":{"start":{"line":269,"column":4},"end":{"line":275,"column":5}},"77":{"start":{"line":270,"column":6},"end":{"line":274,"column":9}},"78":{"start":{"line":278,"column":21},"end":{"line":280,"column":6}},"79":{"start":{"line":282,"column":4},"end":{"line":289,"column":5}},"80":{"start":{"line":283,"column":6},"end":{"line":288,"column":9}},"81":{"start":{"line":292,"column":4},"end":{"line":295,"column":7}},"82":{"start":{"line":297,"column":4},"end":{"line":300,"column":7}},"83":{"start":{"line":303,"column":4},"end":{"line":303,"column":14}}},"fnMap":{"0":{"name":"(anonymous_0)","decl":{"start":{"line":8,"column":19},"end":{"line":8,"column":20}},"loc":{"start":{"line":8,"column":45},"end":{"line":62,"column":1}},"line":8},"1":{"name":"(anonymous_1)","decl":{"start":{"line":65,"column":16},"end":{"line":65,"column":17}},"loc":{"start":{"line":65,"column":42},"end":{"line":147,"column":1}},"line":65},"2":{"name":"(anonymous_2)","decl":{"start":{"line":150,"column":13},"end":{"line":150,"column":14}},"loc":{"start":{"line":150,"column":33},"end":{"line":156,"column":1}},"line":150},"3":{"name":"(anonymous_3)","decl":{"start":{"line":159,"column":18},"end":{"line":159,"column":19}},"loc":{"start":{"line":159,"column":44},"end":{"line":240,"column":1}},"line":159},"4":{"name":"(anonymous_4)","decl":{"start":{"line":243,"column":17},"end":{"line":243,"column":18}},"loc":{"start":{"line":243,"column":43},"end":{"line":305,"column":1}},"line":243}},"branchMap":{"0":{"loc":{"start":{"line":12,"column":4},"end":{"line":19,"column":5}},"type":"if","locations":[{"start":{"line":12,"column":4},"end":{"line":19,"column":5}},{"start":{},"end":{}}],"line":12},"1":{"loc":{"start":{"line":28,"column":4},"end":{"line":34,"column":5}},"type":"if","locations":[{"start":{"line":28,"column":4},"end":{"line":34,"column":5}},{"start":{},"end":{}}],"line":28},"2":{"loc":{"start":{"line":71,"column":4},"end":{"line":73,"column":5}},"type":"if","locations":[{"start":{"line":71,"column":4},"end":{"line":73,"column":5}},{"start":{},"end":{}}],"line":71},"3":{"loc":{"start":{"line":75,"column":4},"end":{"line":77,"column":5}},"type":"if","locations":[{"start":{"line":75,"column":4},"end":{"line":77,"column":5}},{"start":{},"end":{}}],"line":75},"4":{"loc":{"start":{"line":79,"column":4},"end":{"line":86,"column":5}},"type":"if","locations":[{"start":{"line":79,"column":4},"end":{"line":86,"column":5}},{"start":{},"end":{}}],"line":79},"5":{"loc":{"start":{"line":94,"column":4},"end":{"line":100,"column":5}},"type":"if","locations":[{"start":{"line":94,"column":4},"end":{"line":100,"column":5}},{"start":{},"end":{}}],"line":94},"6":{"loc":{"start":{"line":102,"column":4},"end":{"line":108,"column":5}},"type":"if","locations":[{"start":{"line":102,"column":4},"end":{"line":108,"column":5}},{"start":{},"end":{}}],"line":102},"7":{"loc":{"start":{"line":112,"column":4},"end":{"line":118,"column":5}},"type":"if","locations":[{"start":{"line":112,"column":4},"end":{"line":118,"column":5}},{"start":{},"end":{}}],"line":112},"8":{"loc":{"start":{"line":123,"column":19},"end":{"line":123,"column":54}},"type":"binary-expr","locations":[{"start":{"line":123,"column":19},"end":{"line":123,"column":45}},{"start":{"line":123,"column":49},"end":{"line":123,"column":54}}],"line":123},"9":{"loc":{"start":{"line":129,"column":19},"end":{"line":129,"column":61}},"type":"binary-expr","locations":[{"start":{"line":129,"column":19},"end":{"line":129,"column":53}},{"start":{"line":129,"column":57},"end":{"line":129,"column":61}}],"line":129},"10":{"loc":{"start":{"line":163,"column":4},"end":{"line":163,"column":57}},"type":"if","locations":[{"start":{"line":163,"column":4},"end":{"line":163,"column":57}},{"start":{},"end":{}}],"line":163},"11":{"loc":{"start":{"line":165,"column":4},"end":{"line":171,"column":5}},"type":"if","locations":[{"start":{"line":165,"column":4},"end":{"line":171,"column":5}},{"start":{},"end":{}}],"line":165},"12":{"loc":{"start":{"line":185,"column":4},"end":{"line":191,"column":5}},"type":"if","locations":[{"start":{"line":185,"column":4},"end":{"line":191,"column":5}},{"start":{},"end":{}}],"line":185},"13":{"loc":{"start":{"line":197,"column":4},"end":{"line":203,"column":5}},"type":"if","locations":[{"start":{"line":197,"column":4},"end":{"line":203,"column":5}},{"start":{},"end":{}}],"line":197},"14":{"loc":{"start":{"line":197,"column":8},"end":{"line":197,"column":36}},"type":"binary-expr","locations":[{"start":{"line":197,"column":8},"end":{"line":197,"column":13}},{"start":{"line":197,"column":17},"end":{"line":197,"column":36}}],"line":197},"15":{"loc":{"start":{"line":205,"column":4},"end":{"line":211,"column":5}},"type":"if","locations":[{"start":{"line":205,"column":4},"end":{"line":211,"column":5}},{"start":{},"end":{}}],"line":205},"16":{"loc":{"start":{"line":216,"column":19},"end":{"line":216,"column":54}},"type":"binary-expr","locations":[{"start":{"line":216,"column":19},"end":{"line":216,"column":45}},{"start":{"line":216,"column":49},"end":{"line":216,"column":54}}],"line":216},"17":{"loc":{"start":{"line":222,"column":19},"end":{"line":222,"column":61}},"type":"binary-expr","locations":[{"start":{"line":222,"column":19},"end":{"line":222,"column":53}},{"start":{"line":222,"column":57},"end":{"line":222,"column":61}}],"line":222},"18":{"loc":{"start":{"line":247,"column":4},"end":{"line":253,"column":5}},"type":"if","locations":[{"start":{"line":247,"column":4},"end":{"line":253,"column":5}},{"start":{},"end":{}}],"line":247},"19":{"loc":{"start":{"line":247,"column":8},"end":{"line":247,"column":56}},"type":"binary-expr","locations":[{"start":{"line":247,"column":8},"end":{"line":247,"column":19}},{"start":{"line":247,"column":23},"end":{"line":247,"column":56}}],"line":247},"20":{"loc":{"start":{"line":269,"column":4},"end":{"line":275,"column":5}},"type":"if","locations":[{"start":{"line":269,"column":4},"end":{"line":275,"column":5}},{"start":{},"end":{}}],"line":269},"21":{"loc":{"start":{"line":282,"column":4},"end":{"line":289,"column":5}},"type":"if","locations":[{"start":{"line":282,"column":4},"end":{"line":289,"column":5}},{"start":{},"end":{}}],"line":282}},"s":{"0":2,"1":2,"2":2,"3":2,"4":2,"5":2,"6":7,"7":7,"8":7,"9":1,"10":6,"11":6,"12":6,"13":0,"14":0,"15":0,"16":0,"17":0,"18":6,"19":2,"20":4,"21":4,"22":4,"23":4,"24":0,"25":4,"26":0,"27":4,"28":0,"29":4,"30":4,"31":0,"32":0,"33":0,"34":0,"35":0,"36":0,"37":0,"38":0,"39":0,"40":0,"41":0,"42":4,"43":2,"44":0,"45":2,"46":0,"47":0,"48":0,"49":0,"50":0,"51":0,"52":0,"53":0,"54":0,"55":0,"56":0,"57":0,"58":0,"59":0,"60":0,"61":0,"62":0,"63":0,"64":0,"65":0,"66":0,"67":2,"68":0,"69":0,"70":0,"71":0,"72":0,"73":0,"74":0,"75":0,"76":0,"77":0,"78":0,"79":0,"80":0,"81":0,"82":0,"83":0},"f":{"0":7,"1":4,"2":0,"3":0,"4":0},"b":{"0":[1,6],"1":[0,0],"2":[0,4],"3":[0,4],"4":[0,4],"5":[0,0],"6":[0,0],"7":[0,0],"8":[0,0],"9":[0,0],"10":[0,0],"11":[0,0],"12":[0,0],"13":[0,0],"14":[0,0],"15":[0,0],"16":[0,0],"17":[0,0],"18":[0,0],"19":[0,0],"20":[0,0],"21":[0,0]},"_coverageSchema":"1a1c01bbd47fc00a2c39e90264f33305004495a9","hash":"dcb7d6a46cf572c6b714aa52182f81dc53b470c6"}
,"/Users/patcharadnai/Desktop/work/src/controllers/user.controller.js": {"path":"/Users/patcharadnai/Desktop/work/src/controllers/user.controller.js","statementMap":{"0":{"start":{"line":1,"column":15},"end":{"line":1,"column":42}},"1":{"start":{"line":2,"column":15},"end":{"line":2,"column":32}},"2":{"start":{"line":3,"column":29},"end":{"line":3,"column":57}},"3":{"start":{"line":5,"column":20},"end":{"line":5,"column":55}},"4":{"start":{"line":9,"column":0},"end":{"line":75,"column":2}},"5":{"start":{"line":10,"column":2},"end":{"line":74,"column":3}},"6":{"start":{"line":11,"column":4},"end":{"line":17,"column":5}},"7":{"start":{"line":12,"column":6},"end":{"line":16,"column":9}},"8":{"start":{"line":19,"column":17},"end":{"line":19,"column":44}},"9":{"start":{"line":21,"column":16},"end":{"line":21,"column":45}},"10":{"start":{"line":22,"column":4},"end":{"line":22,"column":33}},"11":{"start":{"line":22,"column":21},"end":{"line":22,"column":33}},"12":{"start":{"line":23,"column":4},"end":{"line":23,"column":30}},"13":{"start":{"line":23,"column":19},"end":{"line":23,"column":30}},"14":{"start":{"line":25,"column":19},"end":{"line":25,"column":35}},"15":{"start":{"line":26,"column":17},"end":{"line":26,"column":31}},"16":{"start":{"line":27,"column":17},"end":{"line":27,"column":47}},"17":{"start":{"line":28,"column":18},"end":{"line":28,"column":60}},"18":{"start":{"line":30,"column":17},"end":{"line":30,"column":35}},"19":{"start":{"line":32,"column":24},"end":{"line":32,"column":55}},"20":{"start":{"line":33,"column":22},"end":{"line":33,"column":70}},"21":{"start":{"line":35,"column":18},"end":{"line":35,"column":20}},"22":{"start":{"line":37,"column":4},"end":{"line":42,"column":5}},"23":{"start":{"line":38,"column":6},"end":{"line":41,"column":8}},"24":{"start":{"line":44,"column":4},"end":{"line":46,"column":5}},"25":{"start":{"line":45,"column":6},"end":{"line":45,"column":24}},"26":{"start":{"line":49,"column":32},"end":{"line":57,"column":6}},"27":{"start":{"line":59,"column":4},"end":{"line":70,"column":7}},"28":{"start":{"line":73,"column":4},"end":{"line":73,"column":14}},"29":{"start":{"line":78,"column":0},"end":{"line":119,"column":2}},"30":{"start":{"line":79,"column":2},"end":{"line":118,"column":3}},"31":{"start":{"line":80,"column":15},"end":{"line":80,"column":36}},"32":{"start":{"line":83,"column":4},"end":{"line":89,"column":5}},"33":{"start":{"line":84,"column":6},"end":{"line":88,"column":9}},"34":{"start":{"line":91,"column":17},"end":{"line":101,"column":6}},"35":{"start":{"line":103,"column":4},"end":{"line":109,"column":5}},"36":{"start":{"line":104,"column":6},"end":{"line":108,"column":9}},"37":{"start":{"line":111,"column":4},"end":{"line":115,"column":7}},"38":{"start":{"line":117,"column":4},"end":{"line":117,"column":14}},"39":{"start":{"line":122,"column":0},"end":{"line":197,"column":2}},"40":{"start":{"line":123,"column":2},"end":{"line":196,"column":3}},"41":{"start":{"line":124,"column":15},"end":{"line":124,"column":36}},"42":{"start":{"line":127,"column":4},"end":{"line":133,"column":5}},"43":{"start":{"line":128,"column":6},"end":{"line":132,"column":9}},"44":{"start":{"line":135,"column":25},"end":{"line":135,"column":72}},"45":{"start":{"line":137,"column":4},"end":{"line":143,"column":5}},"46":{"start":{"line":138,"column":6},"end":{"line":142,"column":9}},"47":{"start":{"line":145,"column":31},"end":{"line":145,"column":39}},"48":{"start":{"line":146,"column":17},"end":{"line":146,"column":19}},"49":{"start":{"line":148,"column":4},"end":{"line":160,"column":5}},"50":{"start":{"line":149,"column":6},"end":{"line":158,"column":7}},"51":{"start":{"line":150,"column":8},"end":{"line":157,"column":11}},"52":{"start":{"line":159,"column":6},"end":{"line":159,"column":30}},"53":{"start":{"line":162,"column":4},"end":{"line":175,"column":5}},"54":{"start":{"line":163,"column":6},"end":{"line":172,"column":7}},"55":{"start":{"line":164,"column":8},"end":{"line":171,"column":11}},"56":{"start":{"line":174,"column":6},"end":{"line":174,"column":54}},"57":{"start":{"line":177,"column":17},"end":{"line":187,"column":6}},"58":{"start":{"line":189,"column":4},"end":{"line":193,"column":7}},"59":{"start":{"line":195,"column":4},"end":{"line":195,"column":14}},"60":{"start":{"line":200,"column":0},"end":{"line":232,"column":2}},"61":{"start":{"line":201,"column":2},"end":{"line":231,"column":3}},"62":{"start":{"line":202,"column":15},"end":{"line":202,"column":36}},"63":{"start":{"line":204,"column":4},"end":{"line":210,"column":5}},"64":{"start":{"line":205,"column":6},"end":{"line":209,"column":9}},"65":{"start":{"line":212,"column":17},"end":{"line":212,"column":64}},"66":{"start":{"line":214,"column":4},"end":{"line":220,"column":5}},"67":{"start":{"line":215,"column":6},"end":{"line":219,"column":9}},"68":{"start":{"line":222,"column":4},"end":{"line":222,"column":48}},"69":{"start":{"line":225,"column":4},"end":{"line":228,"column":7}},"70":{"start":{"line":230,"column":4},"end":{"line":230,"column":14}},"71":{"start":{"line":235,"column":0},"end":{"line":276,"column":2}},"72":{"start":{"line":236,"column":2},"end":{"line":275,"column":3}},"73":{"start":{"line":237,"column":15},"end":{"line":237,"column":36}},"74":{"start":{"line":239,"column":4},"end":{"line":245,"column":5}},"75":{"start":{"line":240,"column":6},"end":{"line":244,"column":9}},"76":{"start":{"line":247,"column":17},"end":{"line":247,"column":64}},"77":{"start":{"line":249,"column":4},"end":{"line":255,"column":5}},"78":{"start":{"line":250,"column":6},"end":{"line":254,"column":9}},"79":{"start":{"line":257,"column":20},"end":{"line":266,"column":6}},"80":{"start":{"line":268,"column":4},"end":{"line":272,"column":7}},"81":{"start":{"line":274,"column":4},"end":{"line":274,"column":14}}},"fnMap":{"0":{"name":"(anonymous_0)","decl":{"start":{"line":9,"column":19},"end":{"line":9,"column":20}},"loc":{"start":{"line":9,"column":45},"end":{"line":75,"column":1}},"line":9},"1":{"name":"(anonymous_1)","decl":{"start":{"line":78,"column":22},"end":{"line":78,"column":23}},"loc":{"start":{"line":78,"column":48},"end":{"line":119,"column":1}},"line":78},"2":{"name":"(anonymous_2)","decl":{"start":{"line":122,"column":21},"end":{"line":122,"column":22}},"loc":{"start":{"line":122,"column":47},"end":{"line":197,"column":1}},"line":122},"3":{"name":"(anonymous_3)","decl":{"start":{"line":200,"column":21},"end":{"line":200,"column":22}},"loc":{"start":{"line":200,"column":47},"end":{"line":232,"column":1}},"line":200},"4":{"name":"(anonymous_4)","decl":{"start":{"line":235,"column":23},"end":{"line":235,"column":24}},"loc":{"start":{"line":235,"column":49},"end":{"line":276,"column":1}},"line":235}},"branchMap":{"0":{"loc":{"start":{"line":11,"column":4},"end":{"line":17,"column":5}},"type":"if","locations":[{"start":{"line":11,"column":4},"end":{"line":17,"column":5}},{"start":{},"end":{}}],"line":11},"1":{"loc":{"start":{"line":19,"column":17},"end":{"line":19,"column":44}},"type":"binary-expr","locations":[{"start":{"line":19,"column":17},"end":{"line":19,"column":39}},{"start":{"line":19,"column":43},"end":{"line":19,"column":44}}],"line":19},"2":{"loc":{"start":{"line":21,"column":16},"end":{"line":21,"column":45}},"type":"binary-expr","locations":[{"start":{"line":21,"column":16},"end":{"line":21,"column":39}},{"start":{"line":21,"column":43},"end":{"line":21,"column":45}}],"line":21},"3":{"loc":{"start":{"line":22,"column":4},"end":{"line":22,"column":33}},"type":"if","locations":[{"start":{"line":22,"column":4},"end":{"line":22,"column":33}},{"start":{},"end":{}}],"line":22},"4":{"loc":{"start":{"line":23,"column":4},"end":{"line":23,"column":30}},"type":"if","locations":[{"start":{"line":23,"column":4},"end":{"line":23,"column":30}},{"start":{},"end":{}}],"line":23},"5":{"loc":{"start":{"line":27,"column":17},"end":{"line":27,"column":47}},"type":"binary-expr","locations":[{"start":{"line":27,"column":17},"end":{"line":27,"column":31}},{"start":{"line":27,"column":35},"end":{"line":27,"column":47}}],"line":27},"6":{"loc":{"start":{"line":28,"column":18},"end":{"line":28,"column":60}},"type":"cond-expr","locations":[{"start":{"line":28,"column":46},"end":{"line":28,"column":51}},{"start":{"line":28,"column":54},"end":{"line":28,"column":60}}],"line":28},"7":{"loc":{"start":{"line":33,"column":22},"end":{"line":33,"column":70}},"type":"cond-expr","locations":[{"start":{"line":33,"column":51},"end":{"line":33,"column":55}},{"start":{"line":33,"column":58},"end":{"line":33,"column":70}}],"line":33},"8":{"loc":{"start":{"line":37,"column":4},"end":{"line":42,"column":5}},"type":"if","locations":[{"start":{"line":37,"column":4},"end":{"line":42,"column":5}},{"start":{},"end":{}}],"line":37},"9":{"loc":{"start":{"line":44,"column":4},"end":{"line":46,"column":5}},"type":"if","locations":[{"start":{"line":44,"column":4},"end":{"line":46,"column":5}},{"start":{},"end":{}}],"line":44},"10":{"loc":{"start":{"line":83,"column":4},"end":{"line":89,"column":5}},"type":"if","locations":[{"start":{"line":83,"column":4},"end":{"line":89,"column":5}},{"start":{},"end":{}}],"line":83},"11":{"loc":{"start":{"line":83,"column":8},"end":{"line":83,"column":55}},"type":"binary-expr","locations":[{"start":{"line":83,"column":8},"end":{"line":83,"column":33}},{"start":{"line":83,"column":37},"end":{"line":83,"column":55}}],"line":83},"12":{"loc":{"start":{"line":103,"column":4},"end":{"line":109,"column":5}},"type":"if","locations":[{"start":{"line":103,"column":4},"end":{"line":109,"column":5}},{"start":{},"end":{}}],"line":103},"13":{"loc":{"start":{"line":127,"column":4},"end":{"line":133,"column":5}},"type":"if","locations":[{"start":{"line":127,"column":4},"end":{"line":133,"column":5}},{"start":{},"end":{}}],"line":127},"14":{"loc":{"start":{"line":127,"column":8},"end":{"line":127,"column":55}},"type":"binary-expr","locations":[{"start":{"line":127,"column":8},"end":{"line":127,"column":33}},{"start":{"line":127,"column":37},"end":{"line":127,"column":55}}],"line":127},"15":{"loc":{"start":{"line":137,"column":4},"end":{"line":143,"column":5}},"type":"if","locations":[{"start":{"line":137,"column":4},"end":{"line":143,"column":5}},{"start":{},"end":{}}],"line":137},"16":{"loc":{"start":{"line":148,"column":4},"end":{"line":160,"column":5}},"type":"if","locations":[{"start":{"line":148,"column":4},"end":{"line":160,"column":5}},{"start":{},"end":{}}],"line":148},"17":{"loc":{"start":{"line":149,"column":6},"end":{"line":158,"column":7}},"type":"if","locations":[{"start":{"line":149,"column":6},"end":{"line":158,"column":7}},{"start":{},"end":{}}],"line":149},"18":{"loc":{"start":{"line":149,"column":10},"end":{"line":149,"column":46}},"type":"binary-expr","locations":[{"start":{"line":149,"column":10},"end":{"line":149,"column":25}},{"start":{"line":149,"column":29},"end":{"line":149,"column":46}}],"line":149},"19":{"loc":{"start":{"line":162,"column":4},"end":{"line":175,"column":5}},"type":"if","locations":[{"start":{"line":162,"column":4},"end":{"line":175,"column":5}},{"start":{},"end":{}}],"line":162},"20":{"loc":{"start":{"line":163,"column":6},"end":{"line":172,"column":7}},"type":"if","locations":[{"start":{"line":163,"column":6},"end":{"line":172,"column":7}},{"start":{},"end":{}}],"line":163},"21":{"loc":{"start":{"line":204,"column":4},"end":{"line":210,"column":5}},"type":"if","locations":[{"start":{"line":204,"column":4},"end":{"line":210,"column":5}},{"start":{},"end":{}}],"line":204},"22":{"loc":{"start":{"line":214,"column":4},"end":{"line":220,"column":5}},"type":"if","locations":[{"start":{"line":214,"column":4},"end":{"line":220,"column":5}},{"start":{},"end":{}}],"line":214},"23":{"loc":{"start":{"line":239,"column":4},"end":{"line":245,"column":5}},"type":"if","locations":[{"start":{"line":239,"column":4},"end":{"line":245,"column":5}},{"start":{},"end":{}}],"line":239},"24":{"loc":{"start":{"line":249,"column":4},"end":{"line":255,"column":5}},"type":"if","locations":[{"start":{"line":249,"column":4},"end":{"line":255,"column":5}},{"start":{},"end":{}}],"line":249}},"s":{"0":2,"1":2,"2":2,"3":2,"4":2,"5":0,"6":0,"7":0,"8":0,"9":0,"10":0,"11":0,"12":0,"13":0,"14":0,"15":0,"16":0,"17":0,"18":0,"19":0,"20":0,"21":0,"22":0,"23":0,"24":0,"25":0,"26":0,"27":0,"28":0,"29":2,"30":0,"31":0,"32":0,"33":0,"34":0,"35":0,"36":0,"37":0,"38":0,"39":2,"40":0,"41":0,"42":0,"43":0,"44":0,"45":0,"46":0,"47":0,"48":0,"49":0,"50":0,"51":0,"52":0,"53":0,"54":0,"55":0,"56":0,"57":0,"58":0,"59":0,"60":2,"61":0,"62":0,"63":0,"64":0,"65":0,"66":0,"67":0,"68":0,"69":0,"70":0,"71":2,"72":0,"73":0,"74":0,"75":0,"76":0,"77":0,"78":0,"79":0,"80":0,"81":0},"f":{"0":0,"1":0,"2":0,"3":0,"4":0},"b":{"0":[0,0],"1":[0,0],"2":[0,0],"3":[0,0],"4":[0,0],"5":[0,0],"6":[0,0],"7":[0,0],"8":[0,0],"9":[0,0],"10":[0,0],"11":[0,0],"12":[0,0],"13":[0,0],"14":[0,0],"15":[0,0],"16":[0,0],"17":[0,0],"18":[0,0],"19":[0,0],"20":[0,0],"21":[0,0],"22":[0,0],"23":[0,0],"24":[0,0]},"_coverageSchema":"1a1c01bbd47fc00a2c39e90264f33305004495a9","hash":"a230ef376c739201e85b2d5b911811f3e70ac1ce"}
,"/Users/patcharadnai/Desktop/work/src/middlewares/auth.js": {"path":"/Users/patcharadnai/Desktop/work/src/middlewares/auth.js","statementMap":{"0":{"start":{"line":1,"column":12},"end":{"line":1,"column":35}},"1":{"start":{"line":2,"column":15},"end":{"line":2,"column":42}},"2":{"start":{"line":3,"column":19},"end":{"line":3,"column":47}},"3":{"start":{"line":5,"column":0},"end":{"line":84,"column":2}},"4":{"start":{"line":6,"column":21},"end":{"line":6,"column":46}},"5":{"start":{"line":9,"column":2},"end":{"line":15,"column":3}},"6":{"start":{"line":10,"column":4},"end":{"line":14,"column":7}},"7":{"start":{"line":17,"column":16},"end":{"line":17,"column":40}},"8":{"start":{"line":19,"column":2},"end":{"line":83,"column":3}},"9":{"start":{"line":21,"column":24},"end":{"line":23,"column":6}},"10":{"start":{"line":25,"column":4},"end":{"line":31,"column":5}},"11":{"start":{"line":26,"column":6},"end":{"line":30,"column":9}},"12":{"start":{"line":34,"column":20},"end":{"line":34,"column":61}},"13":{"start":{"line":37,"column":4},"end":{"line":43,"column":5}},"14":{"start":{"line":38,"column":6},"end":{"line":42,"column":9}},"15":{"start":{"line":46,"column":17},"end":{"line":48,"column":6}},"16":{"start":{"line":51,"column":4},"end":{"line":57,"column":5}},"17":{"start":{"line":52,"column":6},"end":{"line":56,"column":9}},"18":{"start":{"line":60,"column":4},"end":{"line":63,"column":6}},"19":{"start":{"line":65,"column":4},"end":{"line":65,"column":11}},"20":{"start":{"line":69,"column":4},"end":{"line":75,"column":5}},"21":{"start":{"line":70,"column":6},"end":{"line":74,"column":9}},"22":{"start":{"line":78,"column":4},"end":{"line":82,"column":7}}},"fnMap":{"0":{"name":"(anonymous_0)","decl":{"start":{"line":5,"column":17},"end":{"line":5,"column":18}},"loc":{"start":{"line":5,"column":43},"end":{"line":84,"column":1}},"line":5}},"branchMap":{"0":{"loc":{"start":{"line":9,"column":2},"end":{"line":15,"column":3}},"type":"if","locations":[{"start":{"line":9,"column":2},"end":{"line":15,"column":3}},{"start":{},"end":{}}],"line":9},"1":{"loc":{"start":{"line":9,"column":6},"end":{"line":9,"column":54}},"type":"binary-expr","locations":[{"start":{"line":9,"column":6},"end":{"line":9,"column":17}},{"start":{"line":9,"column":21},"end":{"line":9,"column":54}}],"line":9},"2":{"loc":{"start":{"line":25,"column":4},"end":{"line":31,"column":5}},"type":"if","locations":[{"start":{"line":25,"column":4},"end":{"line":31,"column":5}},{"start":{},"end":{}}],"line":25},"3":{"loc":{"start":{"line":37,"column":4},"end":{"line":43,"column":5}},"type":"if","locations":[{"start":{"line":37,"column":4},"end":{"line":43,"column":5}},{"start":{},"end":{}}],"line":37},"4":{"loc":{"start":{"line":51,"column":4},"end":{"line":57,"column":5}},"type":"if","locations":[{"start":{"line":51,"column":4},"end":{"line":57,"column":5}},{"start":{},"end":{}}],"line":51},"5":{"loc":{"start":{"line":51,"column":8},"end":{"line":51,"column":32}},"type":"binary-expr","locations":[{"start":{"line":51,"column":8},"end":{"line":51,"column":13}},{"start":{"line":51,"column":17},"end":{"line":51,"column":32}}],"line":51},"6":{"loc":{"start":{"line":69,"column":4},"end":{"line":75,"column":5}},"type":"if","locations":[{"start":{"line":69,"column":4},"end":{"line":75,"column":5}},{"start":{},"end":{}}],"line":69}},"s":{"0":2,"1":2,"2":2,"3":2,"4":0,"5":0,"6":0,"7":0,"8":0,"9":0,"10":0,"11":0,"12":0,"13":0,"14":0,"15":0,"16":0,"17":0,"18":0,"19":0,"20":0,"21":0,"22":0},"f":{"0":0},"b":{"0":[0,0],"1":[0,0],"2":[0,0],"3":[0,0],"4":[0,0],"5":[0,0],"6":[0,0]},"_coverageSchema":"1a1c01bbd47fc00a2c39e90264f33305004495a9","hash":"84e9e1e3be4871a51defb5dcb665125642c291c3"}
,"/Users/patcharadnai/Desktop/work/src/middlewares/error.js": {"path":"/Users/patcharadnai/Desktop/work/src/middlewares/error.js","statementMap":{"0":{"start":{"line":1,"column":19},"end":{"line":1,"column":47}},"1":{"start":{"line":3,"column":0},"end":{"line":14,"column":2}},"2":{"start":{"line":4,"column":2},"end":{"line":4,"column":21}},"3":{"start":{"line":6,"column":21},"end":{"line":6,"column":38}},"4":{"start":{"line":8,"column":2},"end":{"line":13,"column":5}}},"fnMap":{"0":{"name":"(anonymous_0)","decl":{"start":{"line":3,"column":17},"end":{"line":3,"column":18}},"loc":{"start":{"line":3,"column":42},"end":{"line":14,"column":1}},"line":3}},"branchMap":{"0":{"loc":{"start":{"line":6,"column":21},"end":{"line":6,"column":38}},"type":"binary-expr","locations":[{"start":{"line":6,"column":21},"end":{"line":6,"column":31}},{"start":{"line":6,"column":35},"end":{"line":6,"column":38}}],"line":6},"1":{"loc":{"start":{"line":10,"column":13},"end":{"line":10,"column":47}},"type":"binary-expr","locations":[{"start":{"line":10,"column":13},"end":{"line":10,"column":24}},{"start":{"line":10,"column":28},"end":{"line":10,"column":47}}],"line":10},"2":{"loc":{"start":{"line":11,"column":8},"end":{"line":11,"column":44}},"type":"binary-expr","locations":[{"start":{"line":11,"column":8},"end":{"line":11,"column":18}},{"start":{"line":11,"column":22},"end":{"line":11,"column":44}}],"line":11}},"s":{"0":2,"1":2,"2":10,"3":10,"4":10},"f":{"0":10},"b":{"0":[10,10],"1":[10,0],"2":[10,0]},"_coverageSchema":"1a1c01bbd47fc00a2c39e90264f33305004495a9","hash":"083ca4152b6c58a0eecb215e8c2224cc7eb7631a"}
,"/Users/patcharadnai/Desktop/work/src/middlewares/rateLimit.js": {"path":"/Users/patcharadnai/Desktop/work/src/middlewares/rateLimit.js","statementMap":{"0":{"start":{"line":1,"column":18},"end":{"line":1,"column":47}},"1":{"start":{"line":3,"column":0},"end":{"line":11,"column":3}}},"fnMap":{},"branchMap":{},"s":{"0":2,"1":2},"f":{},"b":{},"_coverageSchema":"1a1c01bbd47fc00a2c39e90264f33305004495a9","hash":"e455fed26ac4ac7201c15d224fa313edbaecc91f"}
,"/Users/patcharadnai/Desktop/work/src/routes/auth.routes.js": {"path":"/Users/patcharadnai/Desktop/work/src/routes/auth.routes.js","statementMap":{"0":{"start":{"line":1,"column":16},"end":{"line":1,"column":34}},"1":{"start":{"line":2,"column":15},"end":{"line":2,"column":31}},"2":{"start":{"line":4,"column":23},"end":{"line":4,"column":64}},"3":{"start":{"line":5,"column":23},"end":{"line":5,"column":53}},"4":{"start":{"line":6,"column":25},"end":{"line":6,"column":60}},"5":{"start":{"line":46,"column":0},"end":{"line":46,"column":50}},"6":{"start":{"line":80,"column":0},"end":{"line":80,"column":58}},"7":{"start":{"line":96,"column":0},"end":{"line":96,"column":62}},"8":{"start":{"line":112,"column":0},"end":{"line":112,"column":53}},"9":{"start":{"line":139,"column":0},"end":{"line":139,"column":48}},"10":{"start":{"line":141,"column":0},"end":{"line":141,"column":24}}},"fnMap":{},"branchMap":{},"s":{"0":2,"1":2,"2":2,"3":2,"4":2,"5":2,"6":2,"7":2,"8":2,"9":2,"10":2},"f":{},"b":{},"_coverageSchema":"1a1c01bbd47fc00a2c39e90264f33305004495a9","hash":"4eb5ce7b0ce946540e0b53c8541caa2d199336a2"}
,"/Users/patcharadnai/Desktop/work/src/routes/user.routes.js": {"path":"/Users/patcharadnai/Desktop/work/src/routes/user.routes.js","statementMap":{"0":{"start":{"line":1,"column":16},"end":{"line":1,"column":34}},"1":{"start":{"line":2,"column":15},"end":{"line":2,"column":31}},"2":{"start":{"line":4,"column":23},"end":{"line":4,"column":64}},"3":{"start":{"line":5,"column":23},"end":{"line":5,"column":53}},"4":{"start":{"line":6,"column":19},"end":{"line":6,"column":47}},"5":{"start":{"line":9,"column":16},"end":{"line":18,"column":1}},"6":{"start":{"line":10,"column":2},"end":{"line":16,"column":3}},"7":{"start":{"line":11,"column":4},"end":{"line":15,"column":7}},"8":{"start":{"line":17,"column":2},"end":{"line":17,"column":9}},"9":{"start":{"line":74,"column":0},"end":{"line":74,"column":66}},"10":{"start":{"line":100,"column":0},"end":{"line":100,"column":63}},"11":{"start":{"line":135,"column":0},"end":{"line":135,"column":62}},"12":{"start":{"line":161,"column":0},"end":{"line":161,"column":74}},"13":{"start":{"line":187,"column":0},"end":{"line":187,"column":82}},"14":{"start":{"line":189,"column":0},"end":{"line":189,"column":24}}},"fnMap":{"0":{"name":"(anonymous_0)","decl":{"start":{"line":9,"column":16},"end":{"line":9,"column":17}},"loc":{"start":{"line":9,"column":36},"end":{"line":18,"column":1}},"line":9}},"branchMap":{"0":{"loc":{"start":{"line":10,"column":2},"end":{"line":16,"column":3}},"type":"if","locations":[{"start":{"line":10,"column":2},"end":{"line":16,"column":3}},{"start":{},"end":{}}],"line":10}},"s":{"0":2,"1":2,"2":2,"3":2,"4":2,"5":2,"6":0,"7":0,"8":0,"9":2,"10":2,"11":2,"12":2,"13":2,"14":2},"f":{"0":0},"b":{"0":[0,0]},"_coverageSchema":"1a1c01bbd47fc00a2c39e90264f33305004495a9","hash":"4f62f050b2601f765bb515192aaa18f713e70241"}
,"/Users/patcharadnai/Desktop/work/src/services/user.service.js": {"path":"/Users/patcharadnai/Desktop/work/src/services/user.service.js","statementMap":{"0":{"start":{"line":1,"column":15},"end":{"line":1,"column":42}},"1":{"start":{"line":3,"column":0},"end":{"line":18,"column":2}},"2":{"start":{"line":4,"column":2},"end":{"line":17,"column":5}},"3":{"start":{"line":20,"column":0},"end":{"line":22,"column":2}},"4":{"start":{"line":21,"column":2},"end":{"line":21,"column":38}}},"fnMap":{"0":{"name":"(anonymous_0)","decl":{"start":{"line":3,"column":19},"end":{"line":3,"column":20}},"loc":{"start":{"line":3,"column":62},"end":{"line":18,"column":1}},"line":3},"1":{"name":"(anonymous_1)","decl":{"start":{"line":20,"column":21},"end":{"line":20,"column":22}},"loc":{"start":{"line":20,"column":38},"end":{"line":22,"column":1}},"line":20}},"branchMap":{},"s":{"0":2,"1":2,"2":0,"3":2,"4":0},"f":{"0":0,"1":0},"b":{},"_coverageSchema":"1a1c01bbd47fc00a2c39e90264f33305004495a9","hash":"3732f8c5d93a02542b730d02b1487d81b70e46cb"}
,"/Users/patcharadnai/Desktop/work/src/utils/messages.js": {"path":"/Users/patcharadnai/Desktop/work/src/utils/messages.js","statementMap":{"0":{"start":{"line":1,"column":0},"end":{"line":10,"column":2}},"1":{"start":{"line":11,"column":0},"end":{"line":20,"column":2}},"2":{"start":{"line":22,"column":0},"end":{"line":40,"column":2}}},"fnMap":{},"branchMap":{},"s":{"0":2,"1":2,"2":2},"f":{},"b":{},"_coverageSchema":"1a1c01bbd47fc00a2c39e90264f33305004495a9","hash":"9f3d304b2d097943d83094de5953f742715e0ed3"}
,"/Users/patcharadnai/Desktop/work/src/utils/validate.js": {"path":"/Users/patcharadnai/Desktop/work/src/utils/validate.js","statementMap":{"0":{"start":{"line":1,"column":0},"end":{"line":29,"column":2}},"1":{"start":{"line":2,"column":17},"end":{"line":2,"column":19}},"2":{"start":{"line":4,"column":2},"end":{"line":9,"column":3}},"3":{"start":{"line":5,"column":4},"end":{"line":8,"column":7}},"4":{"start":{"line":11,"column":16},"end":{"line":11,"column":48}},"5":{"start":{"line":12,"column":21},"end":{"line":12,"column":49}},"6":{"start":{"line":14,"column":2},"end":{"line":19,"column":3}},"7":{"start":{"line":15,"column":4},"end":{"line":18,"column":7}},"8":{"start":{"line":21,"column":2},"end":{"line":26,"column":3}},"9":{"start":{"line":22,"column":4},"end":{"line":25,"column":7}},"10":{"start":{"line":28,"column":2},"end":{"line":28,"column":16}}},"fnMap":{"0":{"name":"(anonymous_0)","decl":{"start":{"line":1,"column":27},"end":{"line":1,"column":28}},"loc":{"start":{"line":1,"column":37},"end":{"line":29,"column":1}},"line":1}},"branchMap":{"0":{"loc":{"start":{"line":4,"column":2},"end":{"line":9,"column":3}},"type":"if","locations":[{"start":{"line":4,"column":2},"end":{"line":9,"column":3}},{"start":{},"end":{}}],"line":4},"1":{"loc":{"start":{"line":4,"column":6},"end":{"line":4,"column":80}},"type":"binary-expr","locations":[{"start":{"line":4,"column":6},"end":{"line":4,"column":16}},{"start":{"line":4,"column":20},"end":{"line":4,"column":47}},{"start":{"line":4,"column":51},"end":{"line":4,"column":80}}],"line":4},"2":{"loc":{"start":{"line":14,"column":2},"end":{"line":19,"column":3}},"type":"if","locations":[{"start":{"line":14,"column":2},"end":{"line":19,"column":3}},{"start":{},"end":{}}],"line":14},"3":{"loc":{"start":{"line":14,"column":6},"end":{"line":14,"column":39}},"type":"binary-expr","locations":[{"start":{"line":14,"column":6},"end":{"line":14,"column":12}},{"start":{"line":14,"column":16},"end":{"line":14,"column":39}}],"line":14},"4":{"loc":{"start":{"line":21,"column":2},"end":{"line":26,"column":3}},"type":"if","locations":[{"start":{"line":21,"column":2},"end":{"line":26,"column":3}},{"start":{},"end":{}}],"line":21},"5":{"loc":{"start":{"line":21,"column":6},"end":{"line":21,"column":48}},"type":"binary-expr","locations":[{"start":{"line":21,"column":6},"end":{"line":21,"column":20}},{"start":{"line":21,"column":24},"end":{"line":21,"column":48}}],"line":21}},"s":{"0":2,"1":7,"2":7,"3":1,"4":7,"5":7,"6":7,"7":1,"8":7,"9":1,"10":7},"f":{"0":7},"b":{"0":[1,6],"1":[7,6,6],"2":[1,6],"3":[7,7],"4":[1,6],"5":[7,7]},"_coverageSchema":"1a1c01bbd47fc00a2c39e90264f33305004495a9","hash":"d2e890432bf4851929a295ee7b69d8d2bb52d795"}
}
