TN:
SF:src/server.js
FN:63,(anonymous_0)
FN:72,(anonymous_1)
FN:88,(anonymous_2)
FNF:3
FNH:0
FNDA:0,(anonymous_0)
FNDA:0,(anonymous_1)
FNDA:0,(anonymous_2)
DA:1,2
DA:2,2
DA:3,2
DA:4,2
DA:5,2
DA:7,2
DA:12,2
DA:15,2
DA:21,2
DA:24,2
DA:51,2
DA:53,2
DA:56,2
DA:57,2
DA:59,2
DA:60,2
DA:63,2
DA:64,0
DA:72,2
DA:73,0
DA:81,2
DA:82,2
DA:85,2
DA:87,2
DA:88,0
DA:89,0
DA:93,2
LF:27
LH:23
BRDA:16,0,0,2
BRDA:16,0,1,2
BRDA:35,1,0,2
BRDA:35,1,1,2
BRDA:85,2,0,2
BRDA:85,2,1,0
BRDA:87,3,0,0
BRDA:87,3,1,2
BRF:8
BRH:6
end_of_record
TN:
SF:src/config/prisma.js
FNF:0
FNH:0
DA:1,2
DA:3,2
DA:5,2
LF:3
LH:3
BRF:0
BRH:0
end_of_record
TN:
SF:src/controllers/auth.controller.js
FN:8,(anonymous_0)
FN:65,(anonymous_1)
FN:150,(anonymous_2)
FN:159,(anonymous_3)
FN:243,(anonymous_4)
FNF:5
FNH:2
FNDA:7,(anonymous_0)
FNDA:4,(anonymous_1)
FNDA:0,(anonymous_2)
FNDA:0,(anonymous_3)
FNDA:0,(anonymous_4)
DA:1,2
DA:2,2
DA:3,2
DA:4,2
DA:5,2
DA:8,2
DA:9,7
DA:10,7
DA:12,7
DA:13,1
DA:21,6
DA:22,6
DA:24,6
DA:28,0
DA:29,0
DA:36,0
DA:38,0
DA:53,0
DA:60,6
DA:65,2
DA:66,4
DA:67,4
DA:69,4
DA:71,4
DA:72,0
DA:75,4
DA:76,0
DA:79,4
DA:80,0
DA:88,4
DA:90,4
DA:94,0
DA:95,0
DA:102,0
DA:103,0
DA:110,0
DA:112,0
DA:113,0
DA:120,0
DA:126,0
DA:132,0
DA:137,0
DA:145,4
DA:150,2
DA:151,0
DA:159,2
DA:160,0
DA:161,0
DA:163,0
DA:165,0
DA:166,0
DA:175,0
DA:176,0
DA:178,0
DA:185,0
DA:186,0
DA:193,0
DA:197,0
DA:198,0
DA:205,0
DA:206,0
DA:213,0
DA:219,0
DA:225,0
DA:230,0
DA:238,0
DA:243,2
DA:244,0
DA:245,0
DA:247,0
DA:248,0
DA:255,0
DA:258,0
DA:259,0
DA:261,0
DA:269,0
DA:270,0
DA:278,0
DA:282,0
DA:283,0
DA:292,0
DA:297,0
DA:303,0
LF:83
LH:27
BRDA:12,0,0,1
BRDA:12,0,1,6
BRDA:28,1,0,0
BRDA:28,1,1,0
BRDA:71,2,0,0
BRDA:71,2,1,4
BRDA:75,3,0,0
BRDA:75,3,1,4
BRDA:79,4,0,0
BRDA:79,4,1,4
BRDA:94,5,0,0
BRDA:94,5,1,0
BRDA:102,6,0,0
BRDA:102,6,1,0
BRDA:112,7,0,0
BRDA:112,7,1,0
BRDA:123,8,0,0
BRDA:123,8,1,0
BRDA:129,9,0,0
BRDA:129,9,1,0
BRDA:163,10,0,0
BRDA:163,10,1,0
BRDA:165,11,0,0
BRDA:165,11,1,0
BRDA:185,12,0,0
BRDA:185,12,1,0
BRDA:197,13,0,0
BRDA:197,13,1,0
BRDA:197,14,0,0
BRDA:197,14,1,0
BRDA:205,15,0,0
BRDA:205,15,1,0
BRDA:216,16,0,0
BRDA:216,16,1,0
BRDA:222,17,0,0
BRDA:222,17,1,0
BRDA:247,18,0,0
BRDA:247,18,1,0
BRDA:247,19,0,0
BRDA:247,19,1,0
BRDA:269,20,0,0
BRDA:269,20,1,0
BRDA:282,21,0,0
BRDA:282,21,1,0
BRF:44
BRH:5
end_of_record
TN:
SF:src/controllers/user.controller.js
FN:9,(anonymous_0)
FN:78,(anonymous_1)
FN:122,(anonymous_2)
FN:200,(anonymous_3)
FN:235,(anonymous_4)
FNF:5
FNH:0
FNDA:0,(anonymous_0)
FNDA:0,(anonymous_1)
FNDA:0,(anonymous_2)
FNDA:0,(anonymous_3)
FNDA:0,(anonymous_4)
DA:1,2
DA:2,2
DA:3,2
DA:5,2
DA:9,2
DA:10,0
DA:11,0
DA:12,0
DA:19,0
DA:21,0
DA:22,0
DA:23,0
DA:25,0
DA:26,0
DA:27,0
DA:28,0
DA:30,0
DA:32,0
DA:33,0
DA:35,0
DA:37,0
DA:38,0
DA:44,0
DA:45,0
DA:49,0
DA:59,0
DA:73,0
DA:78,2
DA:79,0
DA:80,0
DA:83,0
DA:84,0
DA:91,0
DA:103,0
DA:104,0
DA:111,0
DA:117,0
DA:122,2
DA:123,0
DA:124,0
DA:127,0
DA:128,0
DA:135,0
DA:137,0
DA:138,0
DA:145,0
DA:146,0
DA:148,0
DA:149,0
DA:150,0
DA:159,0
DA:162,0
DA:163,0
DA:164,0
DA:174,0
DA:177,0
DA:189,0
DA:195,0
DA:200,2
DA:201,0
DA:202,0
DA:204,0
DA:205,0
DA:212,0
DA:214,0
DA:215,0
DA:222,0
DA:225,0
DA:230,0
DA:235,2
DA:236,0
DA:237,0
DA:239,0
DA:240,0
DA:247,0
DA:249,0
DA:250,0
DA:257,0
DA:268,0
DA:274,0
LF:80
LH:9
BRDA:11,0,0,0
BRDA:11,0,1,0
BRDA:19,1,0,0
BRDA:19,1,1,0
BRDA:21,2,0,0
BRDA:21,2,1,0
BRDA:22,3,0,0
BRDA:22,3,1,0
BRDA:23,4,0,0
BRDA:23,4,1,0
BRDA:27,5,0,0
BRDA:27,5,1,0
BRDA:28,6,0,0
BRDA:28,6,1,0
BRDA:33,7,0,0
BRDA:33,7,1,0
BRDA:37,8,0,0
BRDA:37,8,1,0
BRDA:44,9,0,0
BRDA:44,9,1,0
BRDA:83,10,0,0
BRDA:83,10,1,0
BRDA:83,11,0,0
BRDA:83,11,1,0
BRDA:103,12,0,0
BRDA:103,12,1,0
BRDA:127,13,0,0
BRDA:127,13,1,0
BRDA:127,14,0,0
BRDA:127,14,1,0
BRDA:137,15,0,0
BRDA:137,15,1,0
BRDA:148,16,0,0
BRDA:148,16,1,0
BRDA:149,17,0,0
BRDA:149,17,1,0
BRDA:149,18,0,0
BRDA:149,18,1,0
BRDA:162,19,0,0
BRDA:162,19,1,0
BRDA:163,20,0,0
BRDA:163,20,1,0
BRDA:204,21,0,0
BRDA:204,21,1,0
BRDA:214,22,0,0
BRDA:214,22,1,0
BRDA:239,23,0,0
BRDA:239,23,1,0
BRDA:249,24,0,0
BRDA:249,24,1,0
BRF:50
BRH:0
end_of_record
TN:
SF:src/middlewares/auth.js
FN:5,(anonymous_0)
FNF:1
FNH:0
FNDA:0,(anonymous_0)
DA:1,2
DA:2,2
DA:3,2
DA:5,2
DA:6,0
DA:9,0
DA:10,0
DA:17,0
DA:19,0
DA:21,0
DA:25,0
DA:26,0
DA:34,0
DA:37,0
DA:38,0
DA:46,0
DA:51,0
DA:52,0
DA:60,0
DA:65,0
DA:69,0
DA:70,0
DA:78,0
LF:23
LH:4
BRDA:9,0,0,0
BRDA:9,0,1,0
BRDA:9,1,0,0
BRDA:9,1,1,0
BRDA:25,2,0,0
BRDA:25,2,1,0
BRDA:37,3,0,0
BRDA:37,3,1,0
BRDA:51,4,0,0
BRDA:51,4,1,0
BRDA:51,5,0,0
BRDA:51,5,1,0
BRDA:69,6,0,0
BRDA:69,6,1,0
BRF:14
BRH:0
end_of_record
TN:
SF:src/middlewares/error.js
FN:3,(anonymous_0)
FNF:1
FNH:1
FNDA:10,(anonymous_0)
DA:1,2
DA:3,2
DA:4,10
DA:6,10
DA:8,10
LF:5
LH:5
BRDA:6,0,0,10
BRDA:6,0,1,10
BRDA:10,1,0,10
BRDA:10,1,1,0
BRDA:11,2,0,10
BRDA:11,2,1,0
BRF:6
BRH:4
end_of_record
TN:
SF:src/middlewares/rateLimit.js
FNF:0
FNH:0
DA:1,2
DA:3,2
LF:2
LH:2
BRF:0
BRH:0
end_of_record
TN:
SF:src/routes/auth.routes.js
FNF:0
FNH:0
DA:1,2
DA:2,2
DA:4,2
DA:5,2
DA:6,2
DA:46,2
DA:80,2
DA:96,2
DA:112,2
DA:139,2
DA:141,2
LF:11
LH:11
BRF:0
BRH:0
end_of_record
TN:
SF:src/routes/user.routes.js
FN:9,(anonymous_0)
FNF:1
FNH:0
FNDA:0,(anonymous_0)
DA:1,2
DA:2,2
DA:4,2
DA:5,2
DA:6,2
DA:9,2
DA:10,0
DA:11,0
DA:17,0
DA:74,2
DA:100,2
DA:135,2
DA:161,2
DA:187,2
DA:189,2
LF:15
LH:12
BRDA:10,0,0,0
BRDA:10,0,1,0
BRF:2
BRH:0
end_of_record
TN:
SF:src/services/user.service.js
FN:3,(anonymous_0)
FN:20,(anonymous_1)
FNF:2
FNH:0
FNDA:0,(anonymous_0)
FNDA:0,(anonymous_1)
DA:1,2
DA:3,2
DA:4,0
DA:20,2
DA:21,0
LF:5
LH:3
BRF:0
BRH:0
end_of_record
TN:
SF:src/utils/messages.js
FNF:0
FNH:0
DA:1,2
DA:11,2
DA:22,2
LF:3
LH:3
BRF:0
BRH:0
end_of_record
TN:
SF:src/utils/validate.js
FN:1,(anonymous_0)
FNF:1
FNH:1
FNDA:7,(anonymous_0)
DA:1,2
DA:2,7
DA:4,7
DA:5,1
DA:11,7
DA:12,7
DA:14,7
DA:15,1
DA:21,7
DA:22,1
DA:28,7
LF:11
LH:11
BRDA:4,0,0,1
BRDA:4,0,1,6
BRDA:4,1,0,7
BRDA:4,1,1,6
BRDA:4,1,2,6
BRDA:14,2,0,1
BRDA:14,2,1,6
BRDA:14,3,0,7
BRDA:14,3,1,7
BRDA:21,4,0,1
BRDA:21,4,1,6
BRDA:21,5,0,7
BRDA:21,5,1,7
BRF:13
BRH:13
end_of_record
